<?xml version="1.0" encoding="UTF-8"?>
<testng-results ignored="0" total="10" passed="10" failed="0" skipped="0">
  <reporter-output>
  </reporter-output>
  <suite started-at="2025-09-05T12:19:24 IST" name="ZigWheels Suite" finished-at="2025-09-05T12:19:55 IST" duration-ms="30785">
    <groups>
      <group name="cucumber">
        <method signature="AbstractTestNGCucumberTests.runScenario(io.cucumber.testng.PickleWrapper,io.cucumber.testng.FeatureWrapper)[pri:0, instance:com.zigwheels.testRunner.TestRunner@10aa41f2]" name="runScenario" class="io.cucumber.testng.AbstractTestNGCucumberTests"/>
      </group> <!-- cucumber -->
    </groups>
    <test started-at="2025-09-05T12:19:24 IST" name="Cucumber Tests" finished-at="2025-09-05T12:19:55 IST" duration-ms="30785">
      <class name="com.zigwheels.testRunner.TestRunner">
        <test-method is-config="true" signature="beforeSuite()[pri:0, instance:com.zigwheels.testRunner.TestRunner@10aa41f2]" started-at="2025-09-05T12:19:24 IST" name="beforeSuite" finished-at="2025-09-05T12:19:24 IST" duration-ms="28" status="PASS">
          <reporter-output>
          </reporter-output>
        </test-method> <!-- beforeSuite -->
        <test-method is-config="true" signature="setUpClass(org.testng.ITestContext)[pri:0, instance:com.zigwheels.testRunner.TestRunner@10aa41f2]" started-at="2025-09-05T12:19:24 IST" name="setUpClass" finished-at="2025-09-05T12:19:25 IST" duration-ms="826" status="PASS">
          <params>
            <param index="0">
              <value>
                <![CDATA[org.testng.TestRunner@2db6d68d]]>
              </value>
            </param>
          </params>
          <reporter-output>
          </reporter-output>
        </test-method> <!-- setUpClass -->
        <test-method signature="runScenario(io.cucumber.testng.PickleWrapper,io.cucumber.testng.FeatureWrapper)[pri:0, instance:com.zigwheels.testRunner.TestRunner@10aa41f2]" started-at="2025-09-05T12:19:25 IST" name="runScenario" description="Runs Cucumber Scenarios" data-provider="scenarios" finished-at="2025-09-05T12:19:32 IST" duration-ms="6801" status="PASS">
          <params>
            <param index="0">
              <value>
                <![CDATA["User launches ZigWheels homepage"]]>
              </value>
            </param>
            <param index="1">
              <value>
                <![CDATA["Honda Bikes Details"]]>
              </value>
            </param>
          </params>
          <reporter-output>
          </reporter-output>
        </test-method> <!-- runScenario -->
        <test-method signature="runScenario(io.cucumber.testng.PickleWrapper,io.cucumber.testng.FeatureWrapper)[pri:0, instance:com.zigwheels.testRunner.TestRunner@10aa41f2]" started-at="2025-09-05T12:19:32 IST" name="runScenario" description="Runs Cucumber Scenarios" data-provider="scenarios" finished-at="2025-09-05T12:19:38 IST" duration-ms="5903" status="PASS">
          <params>
            <param index="0">
              <value>
                <![CDATA["User searches for upcoming Honda bikes"]]>
              </value>
            </param>
            <param index="1">
              <value>
                <![CDATA["Honda Bikes Details"]]>
              </value>
            </param>
          </params>
          <reporter-output>
          </reporter-output>
        </test-method> <!-- runScenario -->
        <test-method signature="runScenario(io.cucumber.testng.PickleWrapper,io.cucumber.testng.FeatureWrapper)[pri:0, instance:com.zigwheels.testRunner.TestRunner@10aa41f2]" started-at="2025-09-05T12:19:38 IST" name="runScenario" description="Runs Cucumber Scenarios" data-provider="scenarios" finished-at="2025-09-05T12:19:39 IST" duration-ms="869" status="PASS">
          <params>
            <param index="0">
              <value>
                <![CDATA["Display all bikes from search results"]]>
              </value>
            </param>
            <param index="1">
              <value>
                <![CDATA["Honda Bikes Details"]]>
              </value>
            </param>
          </params>
          <reporter-output>
          </reporter-output>
        </test-method> <!-- runScenario -->
        <test-method signature="runScenario(io.cucumber.testng.PickleWrapper,io.cucumber.testng.FeatureWrapper)[pri:0, instance:com.zigwheels.testRunner.TestRunner@10aa41f2]" started-at="2025-09-05T12:19:39 IST" name="runScenario" description="Runs Cucumber Scenarios" data-provider="scenarios" finished-at="2025-09-05T12:19:39 IST" duration-ms="585" status="PASS">
          <params>
            <param index="0">
              <value>
                <![CDATA["Display Honda bikes under 4 lacs"]]>
              </value>
            </param>
            <param index="1">
              <value>
                <![CDATA["Honda Bikes Details"]]>
              </value>
            </param>
          </params>
          <reporter-output>
          </reporter-output>
        </test-method> <!-- runScenario -->
        <test-method signature="runScenario(io.cucumber.testng.PickleWrapper,io.cucumber.testng.FeatureWrapper)[pri:0, instance:com.zigwheels.testRunner.TestRunner@10aa41f2]" started-at="2025-09-05T12:19:39 IST" name="runScenario" description="Runs Cucumber Scenarios" data-provider="scenarios" finished-at="2025-09-05T12:19:42 IST" duration-ms="2241" status="PASS">
          <params>
            <param index="0">
              <value>
                <![CDATA["Navigate to Google login window"]]>
              </value>
            </param>
            <param index="1">
              <value>
                <![CDATA["Validate Google login flow"]]>
              </value>
            </param>
          </params>
          <reporter-output>
          </reporter-output>
        </test-method> <!-- runScenario -->
        <test-method signature="runScenario(io.cucumber.testng.PickleWrapper,io.cucumber.testng.FeatureWrapper)[pri:0, instance:com.zigwheels.testRunner.TestRunner@10aa41f2]" started-at="2025-09-05T12:19:42 IST" name="runScenario" description="Runs Cucumber Scenarios" data-provider="scenarios" finished-at="2025-09-05T12:19:42 IST" duration-ms="668" status="PASS">
          <params>
            <param index="0">
              <value>
                <![CDATA["User logins through Google his/her Google Account"]]>
              </value>
            </param>
            <param index="1">
              <value>
                <![CDATA["Validate Google login flow"]]>
              </value>
            </param>
          </params>
          <reporter-output>
          </reporter-output>
        </test-method> <!-- runScenario -->
        <test-method signature="runScenario(io.cucumber.testng.PickleWrapper,io.cucumber.testng.FeatureWrapper)[pri:0, instance:com.zigwheels.testRunner.TestRunner@10aa41f2]" started-at="2025-09-05T12:19:42 IST" name="runScenario" description="Runs Cucumber Scenarios" data-provider="scenarios" finished-at="2025-09-05T12:19:46 IST" duration-ms="4060" status="PASS">
          <params>
            <param index="0">
              <value>
                <![CDATA["Validate email error message"]]>
              </value>
            </param>
            <param index="1">
              <value>
                <![CDATA["Validate Google login flow"]]>
              </value>
            </param>
          </params>
          <reporter-output>
          </reporter-output>
        </test-method> <!-- runScenario -->
        <test-method signature="runScenario(io.cucumber.testng.PickleWrapper,io.cucumber.testng.FeatureWrapper)[pri:0, instance:com.zigwheels.testRunner.TestRunner@10aa41f2]" started-at="2025-09-05T12:19:46 IST" name="runScenario" description="Runs Cucumber Scenarios" data-provider="scenarios" finished-at="2025-09-05T12:19:55 IST" duration-ms="8143" status="PASS">
          <params>
            <param index="0">
              <value>
                <![CDATA["Searching for Used Cars in Chennai"]]>
              </value>
            </param>
            <param index="1">
              <value>
                <![CDATA["Used Cars details"]]>
              </value>
            </param>
          </params>
          <reporter-output>
          </reporter-output>
        </test-method> <!-- runScenario -->
        <test-method signature="runScenario(io.cucumber.testng.PickleWrapper,io.cucumber.testng.FeatureWrapper)[pri:0, instance:com.zigwheels.testRunner.TestRunner@10aa41f2]" started-at="2025-09-05T12:19:55 IST" name="runScenario" description="Runs Cucumber Scenarios" data-provider="scenarios" finished-at="2025-09-05T12:19:55 IST" duration-ms="32" status="PASS">
          <params>
            <param index="0">
              <value>
                <![CDATA["No Search Results Found"]]>
              </value>
            </param>
            <param index="1">
              <value>
                <![CDATA["Used Cars details"]]>
              </value>
            </param>
          </params>
          <reporter-output>
          </reporter-output>
        </test-method> <!-- runScenario -->
        <test-method signature="runScenario(io.cucumber.testng.PickleWrapper,io.cucumber.testng.FeatureWrapper)[pri:0, instance:com.zigwheels.testRunner.TestRunner@10aa41f2]" started-at="2025-09-05T12:19:55 IST" name="runScenario" description="Runs Cucumber Scenarios" data-provider="scenarios" finished-at="2025-09-05T12:19:55 IST" duration-ms="521" status="PASS">
          <params>
            <param index="0">
              <value>
                <![CDATA["Filtering Popular Models"]]>
              </value>
            </param>
            <param index="1">
              <value>
                <![CDATA["Used Cars details"]]>
              </value>
            </param>
          </params>
          <reporter-output>
          </reporter-output>
        </test-method> <!-- runScenario -->
        <test-method is-config="true" signature="tearDownClass()[pri:0, instance:com.zigwheels.testRunner.TestRunner@10aa41f2]" started-at="2025-09-05T12:19:55 IST" name="tearDownClass" finished-at="2025-09-05T12:19:55 IST" duration-ms="39" status="PASS">
          <reporter-output>
          </reporter-output>
        </test-method> <!-- tearDownClass -->
        <test-method is-config="true" signature="afterSuite()[pri:0, instance:com.zigwheels.testRunner.TestRunner@10aa41f2]" started-at="2025-09-05T12:19:55 IST" name="afterSuite" finished-at="2025-09-15T22:53:37 IST" duration-ms="902021470" status="PASS">
          <reporter-output>
          </reporter-output>
        </test-method> <!-- afterSuite -->
      </class> <!-- com.zigwheels.testRunner.TestRunner -->
    </test> <!-- Cucumber Tests -->
  </suite> <!-- ZigWheels Suite -->
</testng-results>
