<?xml version="1.0" encoding="UTF-8"?>
<!-- Generated by org.testng.reporters.JUnitReportReporter -->
<testsuite hostname="LTIN654098" failures="0" tests="10" name="com.zigwheels.testRunner.TestRunner" time="29.823" errors="0" timestamp="2025-09-15T22:53:37 IST" skipped="0">
  <testcase classname="com.zigwheels.testRunner.TestRunner" name="runScenario" time="5.903"/>
  <testcase classname="com.zigwheels.testRunner.TestRunner" name="runScenario" time="0.668"/>
  <testcase classname="com.zigwheels.testRunner.TestRunner" name="runScenario" time="0.869"/>
  <testcase classname="com.zigwheels.testRunner.TestRunner" name="runScenario" time="8.143"/>
  <testcase classname="com.zigwheels.testRunner.TestRunner" name="runScenario" time="6.801"/>
  <testcase classname="com.zigwheels.testRunner.TestRunner" name="runScenario" time="0.585"/>
  <testcase classname="com.zigwheels.testRunner.TestRunner" name="runScenario" time="4.060"/>
  <testcase classname="com.zigwheels.testRunner.TestRunner" name="runScenario" time="0.032"/>
  <testcase classname="com.zigwheels.testRunner.TestRunner" name="runScenario" time="0.521"/>
  <testcase classname="com.zigwheels.testRunner.TestRunner" name="runScenario" time="2.241"/>
</testsuite> <!-- com.zigwheels.testRunner.TestRunner -->
