<?xml version="1.0" encoding="UTF-8"?>
<!-- Generated by org.testng.reporters.JUnitReportReporter -->
<testsuite hostname="LTIN654098" failures="0" tests="10" name="com.zigwheels.tests.SearchHondaBikes" time="41.461" errors="0" timestamp="2025-09-02T19:26:46 IST" skipped="0">
  <testcase classname="com.zigwheels.tests.SearchHondaBikes" name="verifyNavigationtoUpcomingHondaBikes" time="11.257"/>
  <testcase classname="com.zigwheels.tests.SearchHondaBikes" name="testSearchUpcomingHondaBikes" time="1.922"/>
  <testcase classname="com.zigwheels.tests.SearchHondaBikes" name="testBikeCardDetails" time="1.042"/>
  <testcase classname="com.zigwheels.tests.SearchHondaBikes" name="testPriceBelowThreshold" time="0.943"/>
  <testcase classname="com.zigwheels.tests.SearchHondaBikes" name="verifyNavigationtoUsedCarsinChennai" time="8.249"/>
  <testcase classname="com.zigwheels.tests.SearchHondaBikes" name="validateCars" time="1.714"/>
  <testcase classname="com.zigwheels.tests.SearchHondaBikes" name="checkBoxes" time="0.000"/>
  <testcase classname="com.zigwheels.tests.SearchHondaBikes" name="testLoginOptions" time="11.510"/>
  <testcase classname="com.zigwheels.tests.SearchHondaBikes" name="navigateToGoogleLoginWindow" time="0.798"/>
  <testcase classname="com.zigwheels.tests.SearchHondaBikes" name="validateEmail" time="4.026"/>
</testsuite> <!-- com.zigwheels.tests.SearchHondaBikes -->
